This is pdfTeX, Version 3.1415926-2.3-1.40.12 (MiKTeX 2.9) (preloaded format=pdflatex 2015.9.22)  19 FEB 2016 23:53
entering extended mode
**C:/Users/zhhsp/Desktop/UTexas/UTCourses/ComputerVision/graduate_hw/A1/object_
recognition_by_feature/texDoc/report.tex

(C:/Users/zhhsp/Desktop/UTexas/UTCourses/ComputerVision/graduate_hw/A1/object_r
ecognition_by_feature/texDoc/report.tex
LaTeX2e <2011/06/27>
Babel <v3.8m> and hyphenation patterns for loaded.
(C:\CTEX\MiKTeX\tex\latex\base\article.cls
Document Class: article 2007/10/19 v1.4h Standard LaTeX document class
(C:\CTEX\MiKTeX\tex\latex\base\fleqn.clo
File: fleqn.clo 1998/08/17 v1.1c Standard LaTeX option (flush left equations)
\mathindent=\dimen102
)
(C:\CTEX\MiKTeX\tex\latex\base\size11.clo
File: size11.clo 2007/10/19 v1.4h Standard LaTeX file (size option)
)
\c@part=\count79
\c@section=\count80
\c@subsection=\count81
\c@subsubsection=\count82
\c@paragraph=\count83
\c@subparagraph=\count84
\c@figure=\count85
\c@table=\count86
\abovecaptionskip=\skip41
\belowcaptionskip=\skip42
\bibindent=\dimen103
)
(C:\CTEX\MiKTeX\tex\latex\base\latexsym.sty
Package: latexsym 1998/08/17 v2.2e Standard LaTeX package (lasy symbols)
\symlasy=\mathgroup4
LaTeX Font Info:    Overwriting symbol font `lasy' in version `bold'
(Font)                  U/lasy/m/n --> U/lasy/b/n on input line 47.
)
(C:\CTEX\MiKTeX\tex\latex\graphics\color.sty
Package: color 2005/11/14 v1.0j Standard LaTeX Color (DPC)

(C:\CTEX\MiKTeX\tex\latex\00miktex\color.cfg
File: color.cfg 2007/01/18 v1.5 color configuration of teTeX/TeXLive
)
Package color Info: Driver file: pdftex.def on input line 130.

(C:\CTEX\MiKTeX\tex\latex\pdftex-def\pdftex.def
File: pdftex.def 2011/05/27 v0.06d Graphics/color for pdfTeX

(C:\CTEX\MiKTeX\tex\generic\oberdiek\infwarerr.sty
Package: infwarerr 2010/04/08 v1.3 Providing info/warning/message (HO)
)
(C:\CTEX\MiKTeX\tex\generic\oberdiek\ltxcmds.sty
Package: ltxcmds 2011/04/18 v1.20 LaTeX kernel commands for general use (HO)
)
\Gread@gobject=\count87
))
(C:\CTEX\MiKTeX\tex\latex\graphics\graphicx.sty
Package: graphicx 1999/02/16 v1.0f Enhanced LaTeX Graphics (DPC,SPQR)

(C:\CTEX\MiKTeX\tex\latex\graphics\keyval.sty
Package: keyval 1999/03/16 v1.13 key=value parser (DPC)
\KV@toks@=\toks14
)
(C:\CTEX\MiKTeX\tex\latex\graphics\graphics.sty
Package: graphics 2009/02/05 v1.0o Standard LaTeX Graphics (DPC,SPQR)

(C:\CTEX\MiKTeX\tex\latex\graphics\trig.sty
Package: trig 1999/03/16 v1.09 sin cos tan (DPC)
)
(C:\CTEX\MiKTeX\tex\latex\00miktex\graphics.cfg
File: graphics.cfg 2007/01/18 v1.5 graphics configuration of teTeX/TeXLive
)
Package graphics Info: Driver file: pdftex.def on input line 91.
)
\Gin@req@height=\dimen104
\Gin@req@width=\dimen105
)
(C:\CTEX\MiKTeX\tex\latex\float\float.sty
Package: float 2001/11/08 v1.3d Float enhancements (AL)
\c@float@type=\count88
\float@exts=\toks15
\float@box=\box26
\@float@everytoks=\toks16
\@floatcapt=\box27
)
(C:\CTEX\MiKTeX\tex\latex\algorithms\algorithm.sty
Package: algorithm 2009/08/24 v0.1 Document Style `algorithm' - floating enviro
nment

(C:\CTEX\MiKTeX\tex\latex\base\ifthen.sty
Package: ifthen 2001/05/26 v1.1c Standard LaTeX ifthen package (DPC)
)
\@float@every@algorithm=\toks17
\c@algorithm=\count89
)
(C:\CTEX\MiKTeX\tex\latex\algorithmicx\algpseudocode.sty
Package: algpseudocode 

(C:\CTEX\MiKTeX\tex\latex\algorithmicx\algorithmicx.sty
Package: algorithmicx 2005/04/27 v1.2 Algorithmicx

Document Style algorithmicx 1.2 - a greatly improved `algorithmic' style
\c@ALG@line=\count90
\c@ALG@rem=\count91
\c@ALG@nested=\count92
\ALG@tlm=\skip43
\ALG@thistlm=\skip44
\c@ALG@Lnr=\count93
\c@ALG@blocknr=\count94
\c@ALG@storecount=\count95
\c@ALG@tmpcounter=\count96
\ALG@tmplength=\skip45
)
Document Style - pseudocode environments for use with the `algorithmicx' style
) (C:\CTEX\MiKTeX\tex\latex\amsfonts\amssymb.sty
Package: amssymb 2009/06/22 v3.00

(C:\CTEX\MiKTeX\tex\latex\amsfonts\amsfonts.sty
Package: amsfonts 2009/06/22 v3.00 Basic AMSFonts support
\@emptytoks=\toks18
\symAMSa=\mathgroup5
\symAMSb=\mathgroup6
LaTeX Font Info:    Overwriting math alphabet `\mathfrak' in version `bold'
(Font)                  U/euf/m/n --> U/euf/b/n on input line 96.
))
(C:\CTEX\MiKTeX\tex\latex\ams\math\amsmath.sty
Package: amsmath 2000/07/18 v2.13 AMS math features
\@mathmargin=\skip46

For additional information on amsmath, use the `?' option.
(C:\CTEX\MiKTeX\tex\latex\ams\math\amstext.sty
Package: amstext 2000/06/29 v2.01

(C:\CTEX\MiKTeX\tex\latex\ams\math\amsgen.sty
File: amsgen.sty 1999/11/30 v2.0
\@emptytoks=\toks19
\ex@=\dimen106
))
(C:\CTEX\MiKTeX\tex\latex\ams\math\amsbsy.sty
Package: amsbsy 1999/11/29 v1.2d
\pmbraise@=\dimen107
)
(C:\CTEX\MiKTeX\tex\latex\ams\math\amsopn.sty
Package: amsopn 1999/12/14 v2.01 operator names
)
\inf@bad=\count97
LaTeX Info: Redefining \frac on input line 211.
\uproot@=\count98
\leftroot@=\count99
LaTeX Info: Redefining \overline on input line 307.
\classnum@=\count100
\DOTSCASE@=\count101
LaTeX Info: Redefining \ldots on input line 379.
LaTeX Info: Redefining \dots on input line 382.
LaTeX Info: Redefining \cdots on input line 467.
\Mathstrutbox@=\box28
\strutbox@=\box29
\big@size=\dimen108
LaTeX Font Info:    Redeclaring font encoding OML on input line 567.
LaTeX Font Info:    Redeclaring font encoding OMS on input line 568.
\macc@depth=\count102
\c@MaxMatrixCols=\count103
\dotsspace@=\muskip10
\c@parentequation=\count104
\dspbrk@lvl=\count105
\tag@help=\toks20
\row@=\count106
\column@=\count107
\maxfields@=\count108
\andhelp@=\toks21
\eqnshift@=\dimen109
\alignsep@=\dimen110
\tagshift@=\dimen111
\tagwidth@=\dimen112
\totwidth@=\dimen113
\lineht@=\dimen114
\@envbody=\toks22
\multlinegap=\skip47
\multlinetaggap=\skip48
\mathdisplay@stack=\toks23
LaTeX Info: Redefining \[ on input line 2666.
LaTeX Info: Redefining \] on input line 2667.
)
(C:\CTEX\MiKTeX\tex\latex\setspace\setspace.sty
Package: setspace 2011/12/19 v6.7a set line spacing
)
\c@definition=\count109
\c@lemma=\count110
\c@remark=\count111
\c@proposition=\count112
\c@corollary=\count113
\c@exam=\count114
\c@theo=\count115

(C:\Users\zhhsp\Desktop\UTexas\UTCourses\ComputerVision\graduate_hw\A1\object_r
ecognition_by_feature\texDoc\report.aux)
LaTeX Font Info:    Checking defaults for OML/cmm/m/it on input line 54.
LaTeX Font Info:    ... okay on input line 54.
LaTeX Font Info:    Checking defaults for T1/cmr/m/n on input line 54.
LaTeX Font Info:    ... okay on input line 54.
LaTeX Font Info:    Checking defaults for OT1/cmr/m/n on input line 54.
LaTeX Font Info:    ... okay on input line 54.
LaTeX Font Info:    Checking defaults for OMS/cmsy/m/n on input line 54.
LaTeX Font Info:    ... okay on input line 54.
LaTeX Font Info:    Checking defaults for OMX/cmex/m/n on input line 54.
LaTeX Font Info:    ... okay on input line 54.
LaTeX Font Info:    Checking defaults for U/cmr/m/n on input line 54.
LaTeX Font Info:    ... okay on input line 54.

(C:\CTEX\MiKTeX\tex\context\base\supp-pdf.mkii
[Loading MPS to PDF converter (version 2006.09.02).]
\scratchcounter=\count116
\scratchdimen=\dimen115
\scratchbox=\box30
\nofMPsegments=\count117
\nofMParguments=\count118
\everyMPshowfont=\toks24
\MPscratchCnt=\count119
\MPscratchDim=\dimen116
\MPnumerator=\count120
\makeMPintoPDFobject=\count121
\everyMPtoPDFconversion=\toks25
)
LaTeX Font Info:    Try loading font information for U+lasy on input line 75.
 (C:\CTEX\MiKTeX\tex\latex\base\ulasy.fd
File: ulasy.fd 1998/08/17 v2.2e LaTeX symbol font definitions
)
LaTeX Font Info:    Try loading font information for U+msa on input line 75.

(C:\CTEX\MiKTeX\tex\latex\amsfonts\umsa.fd
File: umsa.fd 2009/06/22 v3.00 AMS symbols A
)
LaTeX Font Info:    Try loading font information for U+msb on input line 75.

(C:\CTEX\MiKTeX\tex\latex\amsfonts\umsb.fd
File: umsb.fd 2009/06/22 v3.00 AMS symbols B
) [1

{C:/CTEX/UserData/pdftex/config/pdftex.map{Unicode.sfd}{UGBK.sfd}}] [2]
<thres_1.jpg, id=16, 1541.76pt x 749.80125pt>
File: thres_1.jpg Graphic file (type jpg)
 <use thres_1.jpg>
Package pdftex.def Info: thres_1.jpg used on input line 136.
(pdftex.def)             Requested size: 346.89731pt x 168.698pt.

<thres_2.jpg, id=17, 1541.76pt x 749.80125pt>
File: thres_2.jpg Graphic file (type jpg)
 <use thres_2.jpg>
Package pdftex.def Info: thres_2.jpg used on input line 137.
(pdftex.def)             Requested size: 346.89731pt x 168.698pt.

<thres_3.jpg, id=18, 1541.76pt x 749.80125pt>
File: thres_3.jpg Graphic file (type jpg)
 <use thres_3.jpg>
Package pdftex.def Info: thres_3.jpg used on input line 138.
(pdftex.def)             Requested size: 346.89731pt x 168.698pt.
 [3]
<ratio_1.jpg, id=22, 1541.76pt x 749.80125pt>
File: ratio_1.jpg Graphic file (type jpg)
 <use ratio_1.jpg>
Package pdftex.def Info: ratio_1.jpg used on input line 142.
(pdftex.def)             Requested size: 346.89731pt x 168.698pt.

<ratio_2.jpg, id=23, 1541.76pt x 749.80125pt>
File: ratio_2.jpg Graphic file (type jpg)
 <use ratio_2.jpg>
Package pdftex.def Info: ratio_2.jpg used on input line 143.
(pdftex.def)             Requested size: 346.89731pt x 168.698pt.

<ratio_3.jpg, id=24, 1541.76pt x 749.80125pt>
File: ratio_3.jpg Graphic file (type jpg)
 <use ratio_3.jpg>
Package pdftex.def Info: ratio_3.jpg used on input line 144.
(pdftex.def)             Requested size: 346.89731pt x 168.698pt.
 [4 <C:/Users/zhhsp/Desktop/UTexas/UTCourses/ComputerVision/graduate_hw/A1/obje
ct_recognition_by_feature/texDoc/thres_1.jpg> <C:/Users/zhhsp/Desktop/UTexas/UT
Courses/ComputerVision/graduate_hw/A1/object_recognition_by_feature/texDoc/thre
s_2.jpg> <C:/Users/zhhsp/Desktop/UTexas/UTCourses/ComputerVision/graduate_hw/A1
/object_recognition_by_feature/texDoc/thres_3.jpg>]
<inlier_1.jpg, id=28, 1541.76pt x 749.80125pt>
File: inlier_1.jpg Graphic file (type jpg)
 <use inlier_1.jpg>
Package pdftex.def Info: inlier_1.jpg used on input line 148.
(pdftex.def)             Requested size: 346.89731pt x 168.698pt.

<inlier_2.jpg, id=29, 1541.76pt x 749.80125pt>
File: inlier_2.jpg Graphic file (type jpg)
 <use inlier_2.jpg>
Package pdftex.def Info: inlier_2.jpg used on input line 149.
(pdftex.def)             Requested size: 346.89731pt x 168.698pt.

<inlier_3.jpg, id=30, 1541.76pt x 749.80125pt>
File: inlier_3.jpg Graphic file (type jpg)
 <use inlier_3.jpg>
Package pdftex.def Info: inlier_3.jpg used on input line 150.
(pdftex.def)             Requested size: 346.89731pt x 168.698pt.
 [5 <C:/Users/zhhsp/Desktop/UTexas/UTCourses/ComputerVision/graduate_hw/A1/obje
ct_recognition_by_feature/texDoc/ratio_1.jpg> <C:/Users/zhhsp/Desktop/UTexas/UT
Courses/ComputerVision/graduate_hw/A1/object_recognition_by_feature/texDoc/rati
o_2.jpg> <C:/Users/zhhsp/Desktop/UTexas/UTCourses/ComputerVision/graduate_hw/A1
/object_recognition_by_feature/texDoc/ratio_3.jpg>] [6 <C:/Users/zhhsp/Desktop/
UTexas/UTCourses/ComputerVision/graduate_hw/A1/object_recognition_by_feature/te
xDoc/inlier_1.jpg> <C:/Users/zhhsp/Desktop/UTexas/UTCourses/ComputerVision/grad
uate_hw/A1/object_recognition_by_feature/texDoc/inlier_2.jpg> <C:/Users/zhhsp/D
esktop/UTexas/UTCourses/ComputerVision/graduate_hw/A1/object_recognition_by_fea
ture/texDoc/inlier_3.jpg>] <match_1.jpg, id=37, 1541.76pt x 749.80125pt>
File: match_1.jpg Graphic file (type jpg)
 <use match_1.jpg>
Package pdftex.def Info: match_1.jpg used on input line 165.
(pdftex.def)             Requested size: 433.62pt x 210.88107pt.

<match_2.jpg, id=38, 1541.76pt x 749.80125pt>
File: match_2.jpg Graphic file (type jpg)
 <use match_2.jpg>
Package pdftex.def Info: match_2.jpg used on input line 166.
(pdftex.def)             Requested size: 433.62pt x 210.88107pt.

<match_3.jpg, id=39, 1541.76pt x 749.80125pt>
File: match_3.jpg Graphic file (type jpg)
 <use match_3.jpg>
Package pdftex.def Info: match_3.jpg used on input line 167.
(pdftex.def)             Requested size: 433.62pt x 210.88107pt.
 [7] [8 <C:/Users/zhhsp/Desktop/UTexas/UTCourses/ComputerVision/graduate_hw/A1/
object_recognition_by_feature/texDoc/match_1.jpg> <C:/Users/zhhsp/Desktop/UTexa
s/UTCourses/ComputerVision/graduate_hw/A1/object_recognition_by_feature/texDoc/
match_2.jpg> <C:/Users/zhhsp/Desktop/UTexas/UTCourses/ComputerVision/graduate_h
w/A1/object_recognition_by_feature/texDoc/match_3.jpg>]
<extra_1.jpg, id=47, 1541.76pt x 749.80125pt>
File: extra_1.jpg Graphic file (type jpg)
 <use extra_1.jpg>
Package pdftex.def Info: extra_1.jpg used on input line 175.
(pdftex.def)             Requested size: 433.62pt x 210.88107pt.
 [9 <C:/Users/zhhsp/Desktop/UTexas/UTCourses/ComputerVision/graduate_hw/A1/obje
ct_recognition_by_feature/texDoc/extra_1.jpg>]
(C:\Users\zhhsp\Desktop\UTexas\UTCourses\ComputerVision\graduate_hw\A1\object_r
ecognition_by_feature\texDoc\report.aux) ) 
Here is how much of TeX's memory you used:
 2815 strings out of 495354
 35713 string characters out of 3183859
 91540 words of memory out of 3000000
 5938 multiletter control sequences out of 15000+200000
 10730 words of font info for 42 fonts, out of 3000000 for 9000
 14 hyphenation exceptions out of 8191
 27i,7n,24p,877b,253s stack positions out of 5000i,500n,10000p,200000b,50000s
<C:/CTEX/MiKTeX/fonts/type1/public/am
sfonts/cm/cmbx10.pfb><C:/CTEX/MiKTeX/fonts/type1/public/amsfonts/cm/cmbx12.pfb>
<C:/CTEX/MiKTeX/fonts/type1/public/amsfonts/cm/cmex10.pfb><C:/CTEX/MiKTeX/fonts
/type1/public/amsfonts/cm/cmmi10.pfb><C:/CTEX/MiKTeX/fonts/type1/public/amsfont
s/cm/cmmi8.pfb><C:/CTEX/MiKTeX/fonts/type1/public/amsfonts/cm/cmr10.pfb><C:/CTE
X/MiKTeX/fonts/type1/public/amsfonts/cm/cmr8.pfb><C:/CTEX/MiKTeX/fonts/type1/pu
blic/amsfonts/cm/cmsy8.pfb>
Output written on report.pdf (9 pages, 1561081 bytes).
PDF statistics:
 77 PDF objects out of 1000 (max. 8388607)
 0 named destinations out of 1000 (max. 500000)
 66 words of extra memory for PDF output out of 10000 (max. 10000000)

